<?xml version="1.0" encoding="UTF-8"?>
<testng-results skipped="0" failed="1" ignored="2" total="3" passed="0">
  <reporter-output>
  </reporter-output>
  <suite name="Default suite" duration-ms="12453" started-at="2018-06-28T12:02:38Z" finished-at="2018-06-28T12:02:51Z">
    <groups>
    </groups>
    <test name="Default test" duration-ms="12453" started-at="2018-06-28T12:02:38Z" finished-at="2018-06-28T12:02:51Z">
      <class name="com.HrOnBoarding.QA.TestCases.ForgotPasswordScreenTest">
        <test-method status="PASS" signature="setUp()[pri:0, instance:com.HrOnBoarding.QA.TestCases.ForgotPasswordScreenTest@15d943d]" name="setUp" is-config="true" duration-ms="8740" started-at="2018-06-28T17:32:39Z" finished-at="2018-06-28T17:32:47Z">
          <reporter-output>
          </reporter-output>
        </test-method> <!-- setUp -->
        <test-method status="FAIL" signature="verifyUserRerutnToLoginScreen()[pri:0, instance:com.HrOnBoarding.QA.TestCases.ForgotPasswordScreenTest@15d943d]" name="verifyUserRerutnToLoginScreen" duration-ms="3071" started-at="2018-06-28T17:32:47Z" finished-at="2018-06-28T17:32:50Z">
          <exception class="java.lang.StackOverflowError">
            <full-stacktrace>
              <![CDATA[java.lang.StackOverflowErrorat java.nio.CharBuffer.wrap(Unknown Source)at sun.nio.cs.StreamEncoder.implWrite(Unknown Source)at sun.nio.cs.StreamEncoder.write(Unknown Source)at java.io.OutputStreamWriter.write(Unknown Source)at java.io.BufferedWriter.flushBuffer(Unknown Source)at java.io.PrintStream.write(Unknown Source)at java.io.PrintStream.print(Unknown Source)at java.io.PrintStream.println(Unknown Source)at com.redhu.Util.WebEventListener.onException(WebEventListener.java:60)at sun.reflect.GeneratedMethodAccessor1.invoke(Unknown Source)at sun.reflect.DelegatingMethodAccessorImpl.invoke(Unknown Source)at java.lang.reflect.Method.invoke(Unknown Source)at org.openqa.selenium.support.events.EventFiringWebDriver.lambda$new$0(EventFiringWebDriver.java:82)at com.sun.proxy.$Proxy6.onException(Unknown Source)at org.openqa.selenium.support.events.EventFiringWebDriver.lambda$new$1(EventFiringWebDriver.java:105)at com.sun.proxy.$Proxy7.getScreenshotAs(Unknown Source)at org.openqa.selenium.support.events.EventFiringWebDriver.getScreenshotAs(EventFiringWebDriver.java:286)at com.redhu.Util.TestUtil.takeScreenshotAtEndOfTest(TestUtil.java:25)at com.redhu.Util.WebEventListener.onException(WebEventListener.java:62)at sun.reflect.GeneratedMethodAccessor1.invoke(Unknown Source)at sun.reflect.DelegatingMethodAccessorImpl.invoke(Unknown Source)at java.lang.reflect.Method.invoke(Unknown Source)at org.openqa.selenium.support.events.EventFiringWebDriver.lambda$new$0(EventFiringWebDriver.java:82)at com.sun.proxy.$Proxy6.onException(Unknown Source)at org.openqa.selenium.support.events.EventFiringWebDriver.lambda$new$1(EventFiringWebDriver.java:105)at com.sun.proxy.$Proxy7.getScreenshotAs(Unknown Source)at org.openqa.selenium.support.events.EventFiringWebDriver.getScreenshotAs(EventFiringWebDriver.java:286)at com.redhu.Util.TestUtil.takeScreenshotAtEndOfTest(TestUtil.java:25)at com.redhu.Util.WebEventListener.onException(WebEventListener.java:62)at sun.reflect.GeneratedMethodAccessor1.invoke(Unknown Source)at sun.reflect.DelegatingMethodAccessorImpl.invoke(Unknown Source)at java.lang.reflect.Method.invoke(Unknown Source)at org.openqa.selenium.support.events.EventFiringWebDriver.lambda$new$0(EventFiringWebDriver.java:82)at com.sun.proxy.$Proxy6.onException(Unknown Source)at org.openqa.selenium.support.events.EventFiringWebDriver.lambda$new$1(EventFiringWebDriver.java:105)at com.sun.proxy.$Proxy7.getScreenshotAs(Unknown Source)at org.openqa.selenium.support.events.EventFiringWebDriver.getScreenshotAs(EventFiringWebDriver.java:286)at com.redhu.Util.TestUtil.takeScreenshotAtEndOfTest(TestUtil.java:25)at com.redhu.Util.WebEventListener.onException(WebEventListener.java:62)at sun.reflect.GeneratedMethodAccessor1.invoke(Unknown Source)at sun.reflect.DelegatingMethodAccessorImpl.invoke(Unknown Source)at java.lang.reflect.Method.invoke(Unknown Source)at org.openqa.selenium.support.events.EventFiringWebDriver.lambda$new$0(EventFiringWebDriver.java:82)at com.sun.proxy.$Proxy6.onException(Unknown Source)at org.openqa.selenium.support.events.EventFiringWebDriver.lambda$new$1(EventFiringWebDriver.java:105)at com.sun.proxy.$Proxy7.getScreenshotAs(Unknown Source)at org.openqa.selenium.support.events.EventFiringWebDriver.getScreenshotAs(EventFiringWebDriver.java:286)at com.redhu.Util.TestUtil.takeScreenshotAtEndOfTest(TestUtil.java:25)at com.redhu.Util.WebEventListener.onException(WebEventListener.java:62)at sun.reflect.GeneratedMethodAccessor1.invoke(Unknown Source)at sun.reflect.DelegatingMethodAccessorImpl.invoke(Unknown Source)at java.lang.reflect.Method.invoke(Unknown Source)at org.openqa.selenium.support.events.EventFiringWebDriver.lambda$new$0(EventFiringWebDriver.java:82)at com.sun.proxy.$Proxy6.onException(Unknown Source)at org.openqa.selenium.support.events.EventFiringWebDriver.lambda$new$1(EventFiringWebDriver.java:105)at com.sun.proxy.$Proxy7.getScreenshotAs(Unknown Source)at org.openqa.selenium.support.events.EventFiringWebDriver.getScreenshotAs(EventFiringWebDriver.java:286)at com.redhu.Util.TestUtil.takeScreenshotAtEndOfTest(TestUtil.java:25)at com.redhu.Util.WebEventListener.onException(WebEventListener.java:62)at sun.reflect.GeneratedMethodAccessor1.invoke(Unknown Source)at sun.reflect.DelegatingMethodAccessorImpl.invoke(Unknown Source)at java.lang.reflect.Method.invoke(Unknown Source)at org.openqa.selenium.support.events.EventFiringWebDriver.lambda$new$0(EventFiringWebDriver.java:82)at com.sun.proxy.$Proxy6.onException(Unknown Source)at org.openqa.selenium.support.events.EventFiringWebDriver.lambda$new$1(EventFiringWebDriver.java:105)at com.sun.proxy.$Proxy7.getScreenshotAs(Unknown Source)at org.openqa.selenium.support.events.EventFiringWebDriver.getScreenshotAs(EventFiringWebDriver.java:286)at com.redhu.Util.TestUtil.takeScreenshotAtEndOfTest(TestUtil.java:25)at com.redhu.Util.WebEventListener.onException(WebEventListener.java:62)at sun.reflect.GeneratedMethodAccessor1.invoke(Unknown Source)at sun.reflect.DelegatingMethodAccessorImpl.invoke(Unknown Source)at java.lang.reflect.Method.invoke(Unknown Source)at org.openqa.selenium.support.events.EventFiringWebDriver.lambda$new$0(EventFiringWebDriver.java:82)at com.sun.proxy.$Proxy6.onException(Unknown Source)at org.openqa.selenium.support.events.EventFiringWebDriver.lambda$new$1(EventFiringWebDriver.java:105)at com.sun.proxy.$Proxy7.getScreenshotAs(Unknown Source)at org.openqa.selenium.support.events.EventFiringWebDriver.getScreenshotAs(EventFiringWebDriver.java:286)at com.redhu.Util.TestUtil.takeScreenshotAtEndOfTest(TestUtil.java:25)at com.redhu.Util.WebEventListener.onException(WebEventListener.java:62)at sun.reflect.GeneratedMethodAccessor1.invoke(Unknown Source)at sun.reflect.DelegatingMethodAccessorImpl.invoke(Unknown Source)at java.lang.reflect.Method.invoke(Unknown Source)at org.openqa.selenium.support.events.EventFiringWebDriver.lambda$new$0(EventFiringWebDriver.java:82)at com.sun.proxy.$Proxy6.onException(Unknown Source)at org.openqa.selenium.support.events.EventFiringWebDriver.lambda$new$1(EventFiringWebDriver.java:105)at com.sun.proxy.$Proxy7.getScreenshotAs(Unknown Source)at org.openqa.selenium.support.events.EventFiringWebDriver.getScreenshotAs(EventFiringWebDriver.java:286)at com.redhu.Util.TestUtil.takeScreenshotAtEndOfTest(TestUtil.java:25)at com.redhu.Util.WebEventListener.onException(WebEventListener.java:62)at sun.reflect.GeneratedMethodAccessor1.invoke(Unknown Source)at sun.reflect.DelegatingMethodAccessorImpl.invoke(Unknown Source)at java.lang.reflect.Method.invoke(Unknown Source)at org.openqa.selenium.support.events.EventFiringWebDriver.lambda$new$0(EventFiringWebDriver.java:82)at com.sun.proxy.$Proxy6.onException(Unknown Source)at org.openqa.selenium.support.events.EventFiringWebDriver.lambda$new$1(EventFiringWebDriver.java:105)at com.sun.proxy.$Proxy7.getScreenshotAs(Unknown Source)at org.openqa.selenium.support.events.EventFiringWebDriver.getScreenshotAs(EventFiringWebDriver.java:286)at com.redhu.Util.TestUtil.takeScreenshotAtEndOfTest(TestUtil.java:25)at com.redhu.Util.WebEventListener.onException(WebEventListener.java:62)at sun.reflect.GeneratedMethodAccessor1.invoke(Unknown Source)at sun.reflect.DelegatingMethodAccessorImpl.invoke(Unknown Source)at java.lang.reflect.Method.invoke(Unknown Source)at org.openqa.selenium.support.events.EventFiringWebDriver.lambda$new$0(EventFiringWebDriver.java:82)at com.sun.proxy.$Proxy6.onException(Unknown Source)at org.openqa.selenium.support.events.EventFiringWebDriver.lambda$new$1(EventFiringWebDriver.java:105)at com.sun.proxy.$Proxy7.getScreenshotAs(Unknown Source)at org.openqa.selenium.support.events.EventFiringWebDriver.getScreenshotAs(EventFiringWebDriver.java:286)at com.redhu.Util.TestUtil.takeScreenshotAtEndOfTest(TestUtil.java:25)at com.redhu.Util.WebEventListener.onException(WebEventListener.java:62)at sun.reflect.GeneratedMethodAccessor1.invoke(Unknown Source)at sun.reflect.DelegatingMethodAccessorImpl.invoke(Unknown Source)at java.lang.reflect.Method.invoke(Unknown Source)at org.openqa.selenium.support.events.EventFiringWebDriver.lambda$new$0(EventFiringWebDriver.java:82)at com.sun.proxy.$Proxy6.onException(Unknown Source)at org.openqa.selenium.support.events.EventFiringWebDriver.lambda$new$1(EventFiringWebDriver.java:105)at com.sun.proxy.$Proxy7.getScreenshotAs(Unknown Source)at org.openqa.selenium.support.events.EventFiringWebDriver.getScreenshotAs(EventFiringWebDriver.java:286)at com.redhu.Util.TestUtil.takeScreenshotAtEndOfTest(TestUtil.java:25)at com.redhu.Util.WebEventListener.onException(WebEventListener.java:62)at sun.reflect.GeneratedMethodAccessor1.invoke(Unknown Source)at sun.reflect.DelegatingMethodAccessorImpl.invoke(Unknown Source)at java.lang.reflect.Method.invoke(Unknown Source)at org.openqa.selenium.support.events.EventFiringWebDriver.lambda$new$0(EventFiringWebDriver.java:82)at com.sun.proxy.$Proxy6.onException(Unknown Source)at org.openqa.selenium.support.events.EventFiringWebDriver.lambda$new$1(EventFiringWebDriver.java:105)at com.sun.proxy.$Proxy7.getScreenshotAs(Unknown Source)at org.openqa.selenium.support.events.EventFiringWebDriver.getScreenshotAs(EventFiringWebDriver.java:286)at com.redhu.Util.TestUtil.takeScreenshotAtEndOfTest(TestUtil.java:25)at com.redhu.Util.WebEventListener.onException(WebEventListener.java:62)at sun.reflect.GeneratedMethodAccessor1.invoke(Unknown Source)at sun.reflect.DelegatingMethodAccessorImpl.invoke(Unknown Source)at java.lang.reflect.Method.invoke(Unknown Source)at org.openqa.selenium.support.events.EventFiringWebDriver.lambda$new$0(EventFiringWebDriver.java:82)at com.sun.proxy.$Proxy6.onException(Unknown Source)at org.openqa.selenium.support.events.EventFiringWebDriver.lambda$new$1(EventFiringWebDriver.java:105)at com.sun.proxy.$Proxy7.getScreenshotAs(Unknown Source)at org.openqa.selenium.support.events.EventFiringWebDriver.getScreenshotAs(EventFiringWebDriver.java:286)at com.redhu.Util.TestUtil.takeScreenshotAtEndOfTest(TestUtil.java:25)at com.redhu.Util.WebEventListener.onException(WebEventListener.java:62)at sun.reflect.GeneratedMethodAccessor1.invoke(Unknown Source)at sun.reflect.DelegatingMethodAccessorImpl.invoke(Unknown Source)at java.lang.reflect.Method.invoke(Unknown Source)at org.openqa.selenium.support.events.EventFiringWebDriver.lambda$new$0(EventFiringWebDriver.java:82)at com.sun.proxy.$Proxy6.onException(Unknown Source)at org.openqa.selenium.support.events.EventFiringWebDriver.lambda$new$1(EventFiringWebDriver.java:105)at com.sun.proxy.$Proxy7.getScreenshotAs(Unknown Source)at org.openqa.selenium.support.events.EventFiringWebDriver.getScreenshotAs(EventFiringWebDriver.java:286)at com.redhu.Util.TestUtil.takeScreenshotAtEndOfTest(TestUtil.java:25)at com.redhu.Util.WebEventListener.onException(WebEventListener.java:62)at sun.reflect.GeneratedMethodAccessor1.invoke(Unknown Source)at sun.reflect.DelegatingMethodAccessorImpl.invoke(Unknown Source)at java.lang.reflect.Method.invoke(Unknown Source)at org.openqa.selenium.support.events.EventFiringWebDriver.lambda$new$0(EventFiringWebDriver.java:82)at com.sun.proxy.$Proxy6.onException(Unknown Source)at org.openqa.selenium.support.events.EventFiringWebDriver.lambda$new$1(EventFiringWebDriver.java:105)at com.sun.proxy.$Proxy7.getScreenshotAs(Unknown Source)at org.openqa.selenium.support.events.EventFiringWebDriver.getScreenshotAs(EventFiringWebDriver.java:286)at com.redhu.Util.TestUtil.takeScreenshotAtEndOfTest(TestUtil.java:25)at com.redhu.Util.WebEventListener.onException(WebEventListener.java:62)at sun.reflect.GeneratedMethodAccessor1.invoke(Unknown Source)at sun.reflect.DelegatingMethodAccessorImpl.invoke(Unknown Source)at java.lang.reflect.Method.invoke(Unknown Source)at org.openqa.selenium.support.events.EventFiringWebDriver.lambda$new$0(EventFiringWebDriver.java:82)at com.sun.proxy.$Proxy6.onException(Unknown Source)at org.openqa.selenium.support.events.EventFiringWebDriver.lambda$new$1(EventFiringWebDriver.java:105)at com.sun.proxy.$Proxy7.getScreenshotAs(Unknown Source)at org.openqa.selenium.support.events.EventFiringWebDriver.getScreenshotAs(EventFiringWebDriver.java:286)at com.redhu.Util.TestUtil.takeScreenshotAtEndOfTest(TestUtil.java:25)at com.redhu.Util.WebEventListener.onException(WebEventListener.java:62)at sun.reflect.GeneratedMethodAccessor1.invoke(Unknown Source)at sun.reflect.DelegatingMethodAccessorImpl.invoke(Unknown Source)at java.lang.reflect.Method.invoke(Unknown Source)at org.openqa.selenium.support.events.EventFiringWebDriver.lambda$new$0(EventFiringWebDriver.java:82)at com.sun.proxy.$Proxy6.onException(Unknown Source)at org.openqa.selenium.support.events.EventFiringWebDriver.lambda$new$1(EventFiringWebDriver.java:105)at com.sun.proxy.$Proxy7.getScreenshotAs(Unknown Source)at org.openqa.selenium.support.events.EventFiringWebDriver.getScreenshotAs(EventFiringWebDriver.java:286)at com.redhu.Util.TestUtil.takeScreenshotAtEndOfTest(TestUtil.java:25)at com.redhu.Util.WebEventListener.onException(WebEventListener.java:62)at sun.reflect.GeneratedMethodAccessor1.invoke(Unknown Source)at sun.reflect.DelegatingMethodAccessorImpl.invoke(Unknown Source)at java.lang.reflect.Method.invoke(Unknown Source)at org.openqa.selenium.support.events.EventFiringWebDriver.lambda$new$0(EventFiringWebDriver.java:82)at com.sun.proxy.$Proxy6.onException(Unknown Source)at org.openqa.selenium.support.events.EventFiringWebDriver.lambda$new$1(EventFiringWebDriver.java:105)at com.sun.proxy.$Proxy7.getScreenshotAs(Unknown Source)at org.openqa.selenium.support.events.EventFiringWebDriver.getScreenshotAs(EventFiringWebDriver.java:286)at com.redhu.Util.TestUtil.takeScreenshotAtEndOfTest(TestUtil.java:25)at com.redhu.Util.WebEventListener.onException(WebEventListener.java:62)at sun.reflect.GeneratedMethodAccessor1.invoke(Unknown Source)at sun.reflect.DelegatingMethodAccessorImpl.invoke(Unknown Source)at java.lang.reflect.Method.invoke(Unknown Source)at org.openqa.selenium.support.events.EventFiringWebDriver.lambda$new$0(EventFiringWebDriver.java:82)at com.sun.proxy.$Proxy6.onException(Unknown Source)at org.openqa.selenium.support.events.EventFiringWebDriver.lambda$new$1(EventFiringWebDriver.java:105)at com.sun.proxy.$Proxy7.getScreenshotAs(Unknown Source)at org.openqa.selenium.support.events.EventFiringWebDriver.getScreenshotAs(EventFiringWebDriver.java:286)at com.redhu.Util.TestUtil.takeScreenshotAtEndOfTest(TestUtil.java:25)at com.redhu.Util.WebEventListener.onException(WebEventListener.java:62)at sun.reflect.GeneratedMethodAccessor1.invoke(Unknown Source)at sun.reflect.DelegatingMethodAccessorImpl.invoke(Unknown Source)at java.lang.reflect.Method.invoke(Unknown Source)at org.openqa.selenium.support.events.EventFiringWebDriver.lambda$new$0(EventFiringWebDriver.java:82)at com.sun.proxy.$Proxy6.onException(Unknown Source)at org.openqa.selenium.support.events.EventFiringWebDriver.lambda$new$1(EventFiringWebDriver.java:105)at com.sun.proxy.$Proxy7.getScreenshotAs(Unknown Source)at org.openqa.selenium.support.events.EventFiringWebDriver.getScreenshotAs(EventFiringWebDriver.java:286)at com.redhu.Util.TestUtil.takeScreenshotAtEndOfTest(TestUtil.java:25)at com.redhu.Util.WebEventListener.onException(WebEventListener.java:62)at sun.reflect.GeneratedMethodAccessor1.invoke(Unknown Source)at sun.reflect.DelegatingMethodAccessorImpl.invoke(Unknown Source)at java.lang.reflect.Method.invoke(Unknown Source)at org.openqa.selenium.support.events.EventFiringWebDriver.lambda$new$0(EventFiringWebDriver.java:82)at com.sun.proxy.$Proxy6.onException(Unknown Source)at org.openqa.selenium.support.events.EventFiringWebDriver.lambda$new$1(EventFiringWebDriver.java:105)at com.sun.proxy.$Proxy7.getScreenshotAs(Unknown Source)at org.openqa.selenium.support.events.EventFiringWebDriver.getScreenshotAs(EventFiringWebDriver.java:286)at com.redhu.Util.TestUtil.takeScreenshotAtEndOfTest(TestUtil.java:25)at com.redhu.Util.WebEventListener.onException(WebEventListener.java:62)at sun.reflect.GeneratedMethodAccessor1.invoke(Unknown Source)at sun.reflect.DelegatingMethodAccessorImpl.invoke(Unknown Source)at java.lang.reflect.Method.invoke(Unknown Source)at org.openqa.selenium.support.events.EventFiringWebDriver.lambda$new$0(EventFiringWebDriver.java:82)at com.sun.proxy.$Proxy6.onException(Unknown Source)at org.openqa.selenium.support.events.EventFiringWebDriver.lambda$new$1(EventFiringWebDriver.java:105)at com.sun.proxy.$Proxy7.getScreenshotAs(Unknown Source)at org.openqa.selenium.support.events.EventFiringWebDriver.getScreenshotAs(EventFiringWebDriver.java:286)at com.redhu.Util.TestUtil.takeScreenshotAtEndOfTest(TestUtil.java:25)at com.redhu.Util.WebEventListener.onException(WebEventListener.java:62)at sun.reflect.GeneratedMethodAccessor1.invoke(Unknown Source)at sun.reflect.DelegatingMethodAccessorImpl.invoke(Unknown Source)at java.lang.reflect.Method.invoke(Unknown Source)at org.openqa.selenium.support.events.EventFiringWebDriver.lambda$new$0(EventFiringWebDriver.java:82)at com.sun.proxy.$Proxy6.onException(Unknown Source)at org.openqa.selenium.support.events.EventFiringWebDriver.lambda$new$1(EventFiringWebDriver.java:105)at com.sun.proxy.$Proxy7.getScreenshotAs(Unknown Source)at org.openqa.selenium.support.events.EventFiringWebDriver.getScreenshotAs(EventFiringWebDriver.java:286)at com.redhu.Util.TestUtil.takeScreenshotAtEndOfTest(TestUtil.java:25)at com.redhu.Util.WebEventListener.onException(WebEventListener.java:62)at sun.reflect.GeneratedMethodAccessor1.invoke(Unknown Source)at sun.reflect.DelegatingMethodAccessorImpl.invoke(Unknown Source)at java.lang.reflect.Method.invoke(Unknown Source)at org.openqa.selenium.support.events.EventFiringWebDriver.lambda$new$0(EventFiringWebDriver.java:82)at com.sun.proxy.$Proxy6.onException(Unknown Source)at org.openqa.selenium.support.events.EventFiringWebDriver.lambda$new$1(EventFiringWebDriver.java:105)at com.sun.proxy.$Proxy7.getScreenshotAs(Unknown Source)at org.openqa.selenium.support.events.EventFiringWebDriver.getScreenshotAs(EventFiringWebDriver.java:286)at com.redhu.Util.TestUtil.takeScreenshotAtEndOfTest(TestUtil.java:25)at com.redhu.Util.WebEventListener.onException(WebEventListener.java:62)at sun.reflect.GeneratedMethodAccessor1.invoke(Unknown Source)at sun.reflect.DelegatingMethodAccessorImpl.invoke(Unknown Source)at java.lang.reflect.Method.invoke(Unknown Source)at org.openqa.selenium.support.events.EventFiringWebDriver.lambda$new$0(EventFiringWebDriver.java:82)at com.sun.proxy.$Proxy6.onException(Unknown Source)at org.openqa.selenium.support.events.EventFiringWebDriver.lambda$new$1(EventFiringWebDriver.java:105)at com.sun.proxy.$Proxy7.getScreenshotAs(Unknown Source)at org.openqa.selenium.support.events.EventFiringWebDriver.getScreenshotAs(EventFiringWebDriver.java:286)at com.redhu.Util.TestUtil.takeScreenshotAtEndOfTest(TestUtil.java:25)at com.redhu.Util.WebEventListener.onException(WebEventListener.java:62)at sun.reflect.GeneratedMethodAccessor1.invoke(Unknown Source)at sun.reflect.DelegatingMethodAccessorImpl.invoke(Unknown Source)at java.lang.reflect.Method.invoke(Unknown Source)at org.openqa.selenium.support.events.EventFiringWebDriver.lambda$new$0(EventFiringWebDriver.java:82)at com.sun.proxy.$Proxy6.onException(Unknown Source)at org.openqa.selenium.support.events.EventFiringWebDriver.lambda$new$1(EventFiringWebDriver.java:105)at com.sun.proxy.$Proxy7.getScreenshotAs(Unknown Source)at org.openqa.selenium.support.events.EventFiringWebDriver.getScreenshotAs(EventFiringWebDriver.java:286)at com.redhu.Util.TestUtil.takeScreenshotAtEndOfTest(TestUtil.java:25)at com.redhu.Util.WebEventListener.onException(WebEventListener.java:62)at sun.reflect.GeneratedMethodAccessor1.invoke(Unknown Source)at sun.reflect.DelegatingMethodAccessorImpl.invoke(Unknown Source)at java.lang.reflect.Method.invoke(Unknown Source)at org.openqa.selenium.support.events.EventFiringWebDriver.lambda$new$0(EventFiringWebDriver.java:82)at com.sun.proxy.$Proxy6.onException(Unknown Source)at org.openqa.selenium.support.events.EventFiringWebDriver.lambda$new$1(EventFiringWebDriver.java:105)at com.sun.proxy.$Proxy7.getScreenshotAs(Unknown Source)at org.openqa.selenium.support.events.EventFiringWebDriver.getScreenshotAs(EventFiringWebDriver.java:286)at com.redhu.Util.TestUtil.takeScreenshotAtEndOfTest(TestUtil.java:25)at com.redhu.Util.WebEventListener.onException(WebEventListener.java:62)at sun.reflect.GeneratedMethodAccessor1.invoke(Unknown Source)at sun.reflect.DelegatingMethodAccessorImpl.invoke(Unknown Source)at java.lang.reflect.Method.invoke(Unknown Source)at org.openqa.selenium.support.events.EventFiringWebDriver.lambda$new$0(EventFiringWebDriver.java:82)at com.sun.proxy.$Proxy6.onException(Unknown Source)at org.openqa.selenium.support.events.EventFiringWebDriver.lambda$new$1(EventFiringWebDriver.java:105)at com.sun.proxy.$Proxy7.getScreenshotAs(Unknown Source)at org.openqa.selenium.support.events.EventFiringWebDriver.getScreenshotAs(EventFiringWebDriver.java:286)at com.redhu.Util.TestUtil.takeScreenshotAtEndOfTest(TestUtil.java:25)at com.redhu.Util.WebEventListener.onException(WebEventListener.java:62)at sun.reflect.GeneratedMethodAccessor1.invoke(Unknown Source)at sun.reflect.DelegatingMethodAccessorImpl.invoke(Unknown Source)at java.lang.reflect.Method.invoke(Unknown Source)at org.openqa.selenium.support.events.EventFiringWebDriver.lambda$new$0(EventFiringWebDriver.java:82)at com.sun.proxy.$Proxy6.onException(Unknown Source)at org.openqa.selenium.support.events.EventFiringWebDriver.lambda$new$1(EventFiringWebDriver.java:105)at com.sun.proxy.$Proxy7.getScreenshotAs(Unknown Source)at org.openqa.selenium.support.events.EventFiringWebDriver.getScreenshotAs(EventFiringWebDriver.java:286)at com.redhu.Util.TestUtil.takeScreenshotAtEndOfTest(TestUtil.java:25)at com.redhu.Util.WebEventListener.onException(WebEventListener.java:62)at sun.reflect.GeneratedMethodAccessor1.invoke(Unknown Source)at sun.reflect.DelegatingMethodAccessorImpl.invoke(Unknown Source)at java.lang.reflect.Method.invoke(Unknown Source)at org.openqa.selenium.support.events.EventFiringWebDriver.lambda$new$0(EventFiringWebDriver.java:82)at com.sun.proxy.$Proxy6.onException(Unknown Source)at org.openqa.selenium.support.events.EventFiringWebDriver.lambda$new$1(EventFiringWebDriver.java:105)at com.sun.proxy.$Proxy7.getScreenshotAs(Unknown Source)at org.openqa.selenium.support.events.EventFiringWebDriver.getScreenshotAs(EventFiringWebDriver.java:286)at com.redhu.Util.TestUtil.takeScreenshotAtEndOfTest(TestUtil.java:25)at com.redhu.Util.WebEventListener.onException(WebEventListener.java:62)at sun.reflect.GeneratedMethodAccessor1.invoke(Unknown Source)at sun.reflect.DelegatingMethodAccessorImpl.invoke(Unknown Source)at java.lang.reflect.Method.invoke(Unknown Source)at org.openqa.selenium.support.events.EventFiringWebDriver.lambda$new$0(EventFiringWebDriver.java:82)at com.sun.proxy.$Proxy6.onException(Unknown Source)at org.openqa.selenium.support.events.EventFiringWebDriver.lambda$new$1(EventFiringWebDriver.java:105)at com.sun.proxy.$Proxy7.getScreenshotAs(Unknown Source)at org.openqa.selenium.support.events.EventFiringWebDriver.getScreenshotAs(EventFiringWebDriver.java:286)at com.redhu.Util.TestUtil.takeScreenshotAtEndOfTest(TestUtil.java:25)at com.redhu.Util.WebEventListener.onException(WebEventListener.java:62)at sun.reflect.GeneratedMethodAccessor1.invoke(Unknown Source)at sun.reflect.DelegatingMethodAccessorImpl.invoke(Unknown Source)at java.lang.reflect.Method.invoke(Unknown Source)at org.openqa.selenium.support.events.EventFiringWebDriver.lambda$new$0(EventFiringWebDriver.java:82)at com.sun.proxy.$Proxy6.onException(Unknown Source)at org.openqa.selenium.support.events.EventFiringWebDriver.lambda$new$1(EventFiringWebDriver.java:105)at com.sun.proxy.$Proxy7.getScreenshotAs(Unknown Source)at org.openqa.selenium.support.events.EventFiringWebDriver.getScreenshotAs(EventFiringWebDriver.java:286)at com.redhu.Util.TestUtil.takeScreenshotAtEndOfTest(TestUtil.java:25)at com.redhu.Util.WebEventListener.onException(WebEventListener.java:62)at sun.reflect.GeneratedMethodAccessor1.invoke(Unknown Source)at sun.reflect.DelegatingMethodAccessorImpl.invoke(Unknown Source)at java.lang.reflect.Method.invoke(Unknown Source)at org.openqa.selenium.support.events.EventFiringWebDriver.lambda$new$0(EventFiringWebDriver.java:82)at com.sun.proxy.$Proxy6.onException(Unknown Source)at org.openqa.selenium.support.events.EventFiringWebDriver.lambda$new$1(EventFiringWebDriver.java:105)at com.sun.proxy.$Proxy7.getScreenshotAs(Unknown Source)at org.openqa.selenium.support.events.EventFiringWebDriver.getScreenshotAs(EventFiringWebDriver.java:286)at com.redhu.Util.TestUtil.takeScreenshotAtEndOfTest(TestUtil.java:25)at com.redhu.Util.WebEventListener.onException(WebEventListener.java:62)at sun.reflect.GeneratedMethodAccessor1.invoke(Unknown Source)at sun.reflect.DelegatingMethodAccessorImpl.invoke(Unknown Source)at java.lang.reflect.Method.invoke(Unknown Source)at org.openqa.selenium.support.events.EventFiringWebDriver.lambda$new$0(EventFiringWebDriver.java:82)at com.sun.proxy.$Proxy6.onException(Unknown Source)at org.openqa.selenium.support.events.EventFiringWebDriver.lambda$new$1(EventFiringWebDriver.java:105)at com.sun.proxy.$Proxy7.getScreenshotAs(Unknown Source)at org.openqa.selenium.support.events.EventFiringWebDriver.getScreenshotAs(EventFiringWebDriver.java:286)at com.redhu.Util.TestUtil.takeScreenshotAtEndOfTest(TestUtil.java:25)at com.redhu.Util.WebEventListener.onException(WebEventListener.java:62)at sun.reflect.GeneratedMethodAccessor1.invoke(Unknown Source)at sun.reflect.DelegatingMethodAccessorImpl.invoke(Unknown Source)at java.lang.reflect.Method.invoke(Unknown Source)at org.openqa.selenium.support.events.EventFiringWebDriver.lambda$new$0(EventFiringWebDriver.java:82)at com.sun.proxy.$Proxy6.onException(Unknown Source)at org.openqa.selenium.support.events.EventFiringWebDriver.lambda$new$1(EventFiringWebDriver.java:105)at com.sun.proxy.$Proxy7.getScreenshotAs(Unknown Source)at org.openqa.selenium.support.events.EventFiringWebDriver.getScreenshotAs(EventFiringWebDriver.java:286)at com.redhu.Util.TestUtil.takeScreenshotAtEndOfTest(TestUtil.java:25)at com.redhu.Util.WebEventListener.onException(WebEventListener.java:62)at sun.reflect.GeneratedMethodAccessor1.invoke(Unknown Source)at sun.reflect.DelegatingMethodAccessorImpl.invoke(Unknown Source)at java.lang.reflect.Method.invoke(Unknown Source)at org.openqa.selenium.support.events.EventFiringWebDriver.lambda$new$0(EventFiringWebDriver.java:82)at com.sun.proxy.$Proxy6.onException(Unknown Source)at org.openqa.selenium.support.events.EventFiringWebDriver.lambda$new$1(EventFiringWebDriver.java:105)at com.sun.proxy.$Proxy7.getScreenshotAs(Unknown Source)at org.openqa.selenium.support.events.EventFiringWebDriver.getScreenshotAs(EventFiringWebDriver.java:286)at com.redhu.Util.TestUtil.takeScreenshotAtEndOfTest(TestUtil.java:25)at com.redhu.Util.WebEventListener.onException(WebEventListener.java:62)at sun.reflect.GeneratedMethodAccessor1.invoke(Unknown Source)at sun.reflect.DelegatingMethodAccessorImpl.invoke(Unknown Source)at java.lang.reflect.Method.invoke(Unknown Source)at org.openqa.selenium.support.events.EventFiringWebDriver.lambda$new$0(EventFiringWebDriver.java:82)at com.sun.proxy.$Proxy6.onException(Unknown Source)at org.openqa.selenium.support.events.EventFiringWebDriver.lambda$new$1(EventFiringWebDriver.java:105)at com.sun.proxy.$Proxy7.getScreenshotAs(Unknown Source)at org.openqa.selenium.support.events.EventFiringWebDriver.getScreenshotAs(EventFiringWebDriver.java:286)at com.redhu.Util.TestUtil.takeScreenshotAtEndOfTest(TestUtil.java:25)at com.redhu.Util.WebEventListener.onException(WebEventListener.java:62)at sun.reflect.GeneratedMethodAccessor1.invoke(Unknown Source)at sun.reflect.DelegatingMethodAccessorImpl.invoke(Unknown Source)at java.lang.reflect.Method.invoke(Unknown Source)at org.openqa.selenium.support.events.EventFiringWebDriver.lambda$new$0(EventFiringWebDriver.java:82)at com.sun.proxy.$Proxy6.onException(Unknown Source)at org.openqa.selenium.support.events.EventFiringWebDriver.lambda$new$1(EventFiringWebDriver.java:105)at com.sun.proxy.$Proxy7.getScreenshotAs(Unknown Source)at org.openqa.selenium.support.events.EventFiringWebDriver.getScreenshotAs(EventFiringWebDriver.java:286)at com.redhu.Util.TestUtil.takeScreenshotAtEndOfTest(TestUtil.java:25)at com.redhu.Util.WebEventListener.onException(WebEventListener.java:62)at sun.reflect.GeneratedMethodAccessor1.invoke(Unknown Source)at sun.reflect.DelegatingMethodAccessorImpl.invoke(Unknown Source)at java.lang.reflect.Method.invoke(Unknown Source)at org.openqa.selenium.support.events.EventFiringWebDriver.lambda$new$0(EventFiringWebDriver.java:82)at com.sun.proxy.$Proxy6.onException(Unknown Source)at org.openqa.selenium.support.events.EventFiringWebDriver.lambda$new$1(EventFiringWebDriver.java:105)at com.sun.proxy.$Proxy7.getScreenshotAs(Unknown Source)at org.openqa.selenium.support.events.EventFiringWebDriver.getScreenshotAs(EventFiringWebDriver.java:286)at com.redhu.Util.TestUtil.takeScreenshotAtEndOfTest(TestUtil.java:25)at com.redhu.Util.WebEventListener.onException(WebEventListener.java:62)at sun.reflect.GeneratedMethodAccessor1.invoke(Unknown Source)at sun.reflect.DelegatingMethodAccessorImpl.invoke(Unknown Source)at java.lang.reflect.Method.invoke(Unknown Source)at org.openqa.selenium.support.events.EventFiringWebDriver.lambda$new$0(EventFiringWebDriver.java:82)at com.sun.proxy.$Proxy6.onException(Unknown Source)at org.openqa.selenium.support.events.EventFiringWebDriver.lambda$new$1(EventFiringWebDriver.java:105)at com.sun.proxy.$Proxy7.getScreenshotAs(Unknown Source)at org.openqa.selenium.support.events.EventFiringWebDriver.getScreenshotAs(EventFiringWebDriver.java:286)at com.redhu.Util.TestUtil.takeScreenshotAtEndOfTest(TestUtil.java:25)at com.redhu.Util.WebEventListener.onException(WebEventListener.java:62)at sun.reflect.GeneratedMethodAccessor1.invoke(Unknown Source)at sun.reflect.DelegatingMethodAccessorImpl.invoke(Unknown Source)at java.lang.reflect.Method.invoke(Unknown Source)at org.openqa.selenium.support.events.EventFiringWebDriver.lambda$new$0(EventFiringWebDriver.java:82)at com.sun.proxy.$Proxy6.onException(Unknown Source)at org.openqa.selenium.support.events.EventFiringWebDriver.lambda$new$1(EventFiringWebDriver.java:105)at com.sun.proxy.$Proxy7.getScreenshotAs(Unknown Source)at org.openqa.selenium.support.events.EventFiringWebDriver.getScreenshotAs(EventFiringWebDriver.java:286)at com.redhu.Util.TestUtil.takeScreenshotAtEndOfTest(TestUtil.java:25)at com.redhu.Util.WebEventListener.onException(WebEventListener.java:62)at sun.reflect.GeneratedMethodAccessor1.invoke(Unknown Source)at sun.reflect.DelegatingMethodAccessorImpl.invoke(Unknown Source)at java.lang.reflect.Method.invoke(Unknown Source)at org.openqa.selenium.support.events.EventFiringWebDriver.lambda$new$0(EventFiringWebDriver.java:82)at com.sun.proxy.$Proxy6.onException(Unknown Source)at org.openqa.selenium.support.events.EventFiringWebDriver.lambda$new$1(EventFiringWebDriver.java:105)at com.sun.proxy.$Proxy7.getScreenshotAs(Unknown Source)at org.openqa.selenium.support.events.EventFiringWebDriver.getScreenshotAs(EventFiringWebDriver.java:286)at com.redhu.Util.TestUtil.takeScreenshotAtEndOfTest(TestUtil.java:25)at com.redhu.Util.WebEventListener.onException(WebEventListener.java:62)at sun.reflect.GeneratedMethodAccessor1.invoke(Unknown Source)at sun.reflect.DelegatingMethodAccessorImpl.invoke(Unknown Source)at java.lang.reflect.Method.invoke(Unknown Source)at org.openqa.selenium.support.events.EventFiringWebDriver.lambda$new$0(EventFiringWebDriver.java:82)at com.sun.proxy.$Proxy6.onException(Unknown Source)at org.openqa.selenium.support.events.EventFiringWebDriver.lambda$new$1(EventFiringWebDriver.java:105)at com.sun.proxy.$Proxy7.getScreenshotAs(Unknown Source)at org.openqa.selenium.support.events.EventFiringWebDriver.getScreenshotAs(EventFiringWebDriver.java:286)at com.redhu.Util.TestUtil.takeScreenshotAtEndOfTest(TestUtil.java:25)at com.redhu.Util.WebEventListener.onException(WebEventListener.java:62)at sun.reflect.GeneratedMethodAccessor1.invoke(Unknown Source)at sun.reflect.DelegatingMethodAccessorImpl.invoke(Unknown Source)at java.lang.reflect.Method.invoke(Unknown Source)at org.openqa.selenium.support.events.EventFiringWebDriver.lambda$new$0(EventFiringWebDriver.java:82)at com.sun.proxy.$Proxy6.onException(Unknown Source)at org.openqa.selenium.support.events.EventFiringWebDriver.lambda$new$1(EventFiringWebDriver.java:105)at com.sun.proxy.$Proxy7.getScreenshotAs(Unknown Source)at org.openqa.selenium.support.events.EventFiringWebDriver.getScreenshotAs(EventFiringWebDriver.java:286)at com.redhu.Util.TestUtil.takeScreenshotAtEndOfTest(TestUtil.java:25)at com.redhu.Util.WebEventListener.onException(WebEventListener.java:62)at sun.reflect.GeneratedMethodAccessor1.invoke(Unknown Source)at sun.reflect.DelegatingMethodAccessorImpl.invoke(Unknown Source)at java.lang.reflect.Method.invoke(Unknown Source)at org.openqa.selenium.support.events.EventFiringWebDriver.lambda$new$0(EventFiringWebDriver.java:82)at com.sun.proxy.$Proxy6.onException(Unknown Source)at org.openqa.selenium.support.events.EventFiringWebDriver.lambda$new$1(EventFiringWebDriver.java:105)at com.sun.proxy.$Proxy7.getScreenshotAs(Unknown Source)at org.openqa.selenium.support.events.EventFiringWebDriver.getScreenshotAs(EventFiringWebDriver.java:286)at com.redhu.Util.TestUtil.takeScreenshotAtEndOfTest(TestUtil.java:25)at com.redhu.Util.WebEventListener.onException(WebEventListener.java:62)at sun.reflect.GeneratedMethodAccessor1.invoke(Unknown Source)at sun.reflect.DelegatingMethodAccessorImpl.invoke(Unknown Source)at java.lang.reflect.Method.invoke(Unknown Source)at org.openqa.selenium.support.events.EventFiringWebDriver.lambda$new$0(EventFiringWebDriver.java:82)at com.sun.proxy.$Proxy6.onException(Unknown Source)at org.openqa.selenium.support.events.EventFiringWebDriver.lambda$new$1(EventFiringWebDriver.java:105)at com.sun.proxy.$Proxy7.getScreenshotAs(Unknown Source)at org.openqa.selenium.support.events.EventFiringWebDriver.getScreenshotAs(EventFiringWebDriver.java:286)at com.redhu.Util.TestUtil.takeScreenshotAtEndOfTest(TestUtil.java:25)at com.redhu.Util.WebEventListener.onException(WebEventListener.java:62)at sun.reflect.GeneratedMethodAccessor1.invoke(Unknown Source)at sun.reflect.DelegatingMethodAccessorImpl.invoke(Unknown Source)at java.lang.reflect.Method.invoke(Unknown Source)at org.openqa.selenium.support.events.EventFiringWebDriver.lambda$new$0(EventFiringWebDriver.java:82)at com.sun.proxy.$Proxy6.onException(Unknown Source)at org.openqa.selenium.support.events.EventFiringWebDriver.lambda$new$1(EventFiringWebDriver.java:105)at com.sun.proxy.$Proxy7.getScreenshotAs(Unknown Source)at org.openqa.selenium.support.events.EventFiringWebDriver.getScreenshotAs(EventFiringWebDriver.java:286)at com.redhu.Util.TestUtil.takeScreenshotAtEndOfTest(TestUtil.java:25)at com.redhu.Util.WebEventListener.onException(WebEventListener.java:62)at sun.reflect.GeneratedMethodAccessor1.invoke(Unknown Source)at sun.reflect.DelegatingMethodAccessorImpl.invoke(Unknown Source)at java.lang.reflect.Method.invoke(Unknown Source)at org.openqa.selenium.support.events.EventFiringWebDriver.lambda$new$0(EventFiringWebDriver.java:82)at com.sun.proxy.$Proxy6.onException(Unknown Source)at org.openqa.selenium.support.events.EventFiringWebDriver.lambda$new$1(EventFiringWebDriver.java:105)at com.sun.proxy.$Proxy7.getScreenshotAs(Unknown Source)at org.openqa.selenium.support.events.EventFiringWebDriver.getScreenshotAs(EventFiringWebDriver.java:286)at com.redhu.Util.TestUtil.takeScreenshotAtEndOfTest(TestUtil.java:25)at com.redhu.Util.WebEventListener.onException(WebEventListener.java:62)at sun.reflect.GeneratedMethodAccessor1.invoke(Unknown Source)at sun.reflect.DelegatingMethodAccessorImpl.invoke(Unknown Source)at java.lang.reflect.Method.invoke(Unknown Source)at org.openqa.selenium.support.events.EventFiringWebDriver.lambda$new$0(EventFiringWebDriver.java:82)at com.sun.proxy.$Proxy6.onException(Unknown Source)at org.openqa.selenium.support.events.EventFiringWebDriver.lambda$new$1(EventFiringWebDriver.java:105)at com.sun.proxy.$Proxy7.getScreenshotAs(Unknown Source)at org.openqa.selenium.support.events.EventFiringWebDriver.getScreenshotAs(EventFiringWebDriver.java:286)at com.redhu.Util.TestUtil.takeScreenshotAtEndOfTest(TestUtil.java:25)at com.redhu.Util.WebEventListener.onException(WebEventListener.java:62)at sun.reflect.GeneratedMethodAccessor1.invoke(Unknown Source)at sun.reflect.DelegatingMethodAccessorImpl.invoke(Unknown Source)at java.lang.reflect.Method.invoke(Unknown Source)at org.openqa.selenium.support.events.EventFiringWebDriver.lambda$new$0(EventFiringWebDriver.java:82)at com.sun.proxy.$Proxy6.onException(Unknown Source)at org.openqa.selenium.support.events.EventFiringWebDriver.lambda$new$1(EventFiringWebDriver.java:105)at com.sun.proxy.$Proxy7.getScreenshotAs(Unknown Source)at org.openqa.selenium.support.events.EventFiringWebDriver.getScreenshotAs(EventFiringWebDriver.java:286)at com.redhu.Util.TestUtil.takeScreenshotAtEndOfTest(TestUtil.java:25)at com.redhu.Util.WebEventListener.onException(WebEventListener.java:62)at sun.reflect.GeneratedMethodAccessor1.invoke(Unknown Source)at sun.reflect.DelegatingMethodAccessorImpl.invoke(Unknown Source)at java.lang.reflect.Method.invoke(Unknown Source)at org.openqa.selenium.support.events.EventFiringWebDriver.lambda$new$0(EventFiringWebDriver.java:82)at com.sun.proxy.$Proxy6.onException(Unknown Source)at org.openqa.selenium.support.events.EventFiringWebDriver.lambda$new$1(EventFiringWebDriver.java:105)at com.sun.proxy.$Proxy7.getScreenshotAs(Unknown Source)at org.openqa.selenium.support.events.EventFiringWebDriver.getScreenshotAs(EventFiringWebDriver.java:286)at com.redhu.Util.TestUtil.takeScreenshotAtEndOfTest(TestUtil.java:25)at com.redhu.Util.WebEventListener.onException(WebEventListener.java:62)at sun.reflect.GeneratedMethodAccessor1.invoke(Unknown Source)at sun.reflect.DelegatingMethodAccessorImpl.invoke(Unknown Source)at java.lang.reflect.Method.invoke(Unknown Source)at org.openqa.selenium.support.events.EventFiringWebDriver.lambda$new$0(EventFiringWebDriver.java:82)at com.sun.proxy.$Proxy6.onException(Unknown Source)at org.openqa.selenium.support.events.EventFiringWebDriver.lambda$new$1(EventFiringWebDriver.java:105)at com.sun.proxy.$Proxy7.getScreenshotAs(Unknown Source)at org.openqa.selenium.support.events.EventFiringWebDriver.getScreenshotAs(EventFiringWebDriver.java:286)at com.redhu.Util.TestUtil.takeScreenshotAtEndOfTest(TestUtil.java:25)at com.redhu.Util.WebEventListener.onException(WebEventListener.java:62)at sun.reflect.GeneratedMethodAccessor1.invoke(Unknown Source)at sun.reflect.DelegatingMethodAccessorImpl.invoke(Unknown Source)at java.lang.reflect.Method.invoke(Unknown Source)at org.openqa.selenium.support.events.EventFiringWebDriver.lambda$new$0(EventFiringWebDriver.java:82)at com.sun.proxy.$Proxy6.onException(Unknown Source)at org.openqa.selenium.support.events.EventFiringWebDriver.lambda$new$1(EventFiringWebDriver.java:105)at com.sun.proxy.$Proxy7.getScreenshotAs(Unknown Source)at org.openqa.selenium.support.events.EventFiringWebDriver.getScreenshotAs(EventFiringWebDriver.java:286)at com.redhu.Util.TestUtil.takeScreenshotAtEndOfTest(TestUtil.java:25)at com.redhu.Util.WebEventListener.onException(WebEventListener.java:62)at sun.reflect.GeneratedMethodAccessor1.invoke(Unknown Source)at sun.reflect.DelegatingMethodAccessorImpl.invoke(Unknown Source)at java.lang.reflect.Method.invoke(Unknown Source)at org.openqa.selenium.support.events.EventFiringWebDriver.lambda$new$0(EventFiringWebDriver.java:82)at com.sun.proxy.$Proxy6.onException(Unknown Source)at org.openqa.selenium.support.events.EventFiringWebDriver.lambda$new$1(EventFiringWebDriver.java:105)at com.sun.proxy.$Proxy7.getScreenshotAs(Unknown Source)at org.openqa.selenium.support.events.EventFiringWebDriver.getScreenshotAs(EventFiringWebDriver.java:286)at com.redhu.Util.TestUtil.takeScreenshotAtEndOfTest(TestUtil.java:25)at com.redhu.Util.WebEventListener.onException(WebEventListener.java:62)at sun.reflect.GeneratedMethodAccessor1.invoke(Unknown Source)at sun.reflect.DelegatingMethodAccessorImpl.invoke(Unknown Source)at java.lang.reflect.Method.invoke(Unknown Source)at org.openqa.selenium.support.events.EventFiringWebDriver.lambda$new$0(EventFiringWebDriver.java:82)at com.sun.proxy.$Proxy6.onException(Unknown Source)at org.openqa.selenium.support.events.EventFiringWebDriver.lambda$new$1(EventFiringWebDriver.java:105)at com.sun.proxy.$Proxy7.getScreenshotAs(Unknown Source)at org.openqa.selenium.support.events.EventFiringWebDriver.getScreenshotAs(EventFiringWebDriver.java:286)at com.redhu.Util.TestUtil.takeScreenshotAtEndOfTest(TestUtil.java:25)at com.redhu.Util.WebEventListener.onException(WebEventListener.java:62)at sun.reflect.GeneratedMethodAccessor1.invoke(Unknown Source)at sun.reflect.DelegatingMethodAccessorImpl.invoke(Unknown Source)at java.lang.reflect.Method.invoke(Unknown Source)at org.openqa.selenium.support.events.EventFiringWebDriver.lambda$new$0(EventFiringWebDriver.java:82)at com.sun.proxy.$Proxy6.onException(Unknown Source)at org.openqa.selenium.support.events.EventFiringWebDriver.lambda$new$1(EventFiringWebDriver.java:105)at com.sun.proxy.$Proxy7.getScreenshotAs(Unknown Source)at org.openqa.selenium.support.events.EventFiringWebDriver.getScreenshotAs(EventFiringWebDriver.java:286)at com.redhu.Util.TestUtil.takeScreenshotAtEndOfTest(TestUtil.java:25)at com.redhu.Util.WebEventListener.onException(WebEventListener.java:62)at sun.reflect.GeneratedMethodAccessor1.invoke(Unknown Source)at sun.reflect.DelegatingMethodAccessorImpl.invoke(Unknown Source)at java.lang.reflect.Method.invoke(Unknown Source)at org.openqa.selenium.support.events.EventFiringWebDriver.lambda$new$0(EventFiringWebDriver.java:82)at com.sun.proxy.$Proxy6.onException(Unknown Source)at org.openqa.selenium.support.events.EventFiringWebDriver.lambda$new$1(EventFiringWebDriver.java:105)at com.sun.proxy.$Proxy7.getScreenshotAs(Unknown Source)at org.openqa.selenium.support.events.EventFiringWebDriver.getScreenshotAs(EventFiringWebDriver.java:286)at com.redhu.Util.TestUtil.takeScreenshotAtEndOfTest(TestUtil.java:25)at com.redhu.Util.WebEventListener.onException(WebEventListener.java:62)at sun.reflect.GeneratedMethodAccessor1.invoke(Unknown Source)at sun.reflect.DelegatingMethodAccessorImpl.invoke(Unknown Source)at java.lang.reflect.Method.invoke(Unknown Source)at org.openqa.selenium.support.events.EventFiringWebDriver.lambda$new$0(EventFiringWebDriver.java:82)at com.sun.proxy.$Proxy6.onException(Unknown Source)at org.openqa.selenium.support.events.EventFiringWebDriver.lambda$new$1(EventFiringWebDriver.java:105)at com.sun.proxy.$Proxy7.getScreenshotAs(Unknown Source)at org.openqa.selenium.support.events.EventFiringWebDriver.getScreenshotAs(EventFiringWebDriver.java:286)at com.redhu.Util.TestUtil.takeScreenshotAtEndOfTest(TestUtil.java:25)at com.redhu.Util.WebEventListener.onException(WebEventListener.java:62)at sun.reflect.GeneratedMethodAccessor1.invoke(Unknown Source)at sun.reflect.DelegatingMethodAccessorImpl.invoke(Unknown Source)at java.lang.reflect.Method.invoke(Unknown Source)at org.openqa.selenium.support.events.EventFiringWebDriver.lambda$new$0(EventFiringWebDriver.java:82)at com.sun.proxy.$Proxy6.onException(Unknown Source)at org.openqa.selenium.support.events.EventFiringWebDriver.lambda$new$1(EventFiringWebDriver.java:105)at com.sun.proxy.$Proxy7.getScreenshotAs(Unknown Source)at org.openqa.selenium.support.events.EventFiringWebDriver.getScreenshotAs(EventFiringWebDriver.java:286)at com.redhu.Util.TestUtil.takeScreenshotAtEndOfTest(TestUtil.java:25)at com.redhu.Util.WebEventListener.onException(WebEventListener.java:62)at sun.reflect.GeneratedMethodAccessor1.invoke(Unknown Source)at sun.reflect.DelegatingMethodAccessorImpl.invoke(Unknown Source)at java.lang.reflect.Method.invoke(Unknown Source)at org.openqa.selenium.support.events.EventFiringWebDriver.lambda$new$0(EventFiringWebDriver.java:82)at com.sun.proxy.$Proxy6.onException(Unknown Source)at org.openqa.selenium.support.events.EventFiringWebDriver.lambda$new$1(EventFiringWebDriver.java:105)at com.sun.proxy.$Proxy7.getScreenshotAs(Unknown Source)at org.openqa.selenium.support.events.EventFiringWebDriver.getScreenshotAs(EventFiringWebDriver.java:286)at com.redhu.Util.TestUtil.takeScreenshotAtEndOfTest(TestUtil.java:25)at com.redhu.Util.WebEventListener.onException(WebEventListener.java:62)at sun.reflect.GeneratedMethodAccessor1.invoke(Unknown Source)at sun.reflect.DelegatingMethodAccessorImpl.invoke(Unknown Source)at java.lang.reflect.Method.invoke(Unknown Source)at org.openqa.selenium.support.events.EventFiringWebDriver.lambda$new$0(EventFiringWebDriver.java:82)at com.sun.proxy.$Proxy6.onException(Unknown Source)at org.openqa.selenium.support.events.EventFiringWebDriver.lambda$new$1(EventFiringWebDriver.java:105)at com.sun.proxy.$Proxy7.getScreenshotAs(Unknown Source)at org.openqa.selenium.support.events.EventFiringWebDriver.getScreenshotAs(EventFiringWebDriver.java:286)at com.redhu.Util.TestUtil.takeScreenshotAtEndOfTest(TestUtil.java:25)at com.redhu.Util.WebEventListener.onException(WebEventListener.java:62)at sun.reflect.GeneratedMethodAccessor1.invoke(Unknown Source)at sun.reflect.DelegatingMethodAccessorImpl.invoke(Unknown Source)at java.lang.reflect.Method.invoke(Unknown Source)at org.openqa.selenium.support.events.EventFiringWebDriver.lambda$new$0(EventFiringWebDriver.java:82)at com.sun.proxy.$Proxy6.onException(Unknown Source)at org.openqa.selenium.support.events.EventFiringWebDriver.lambda$new$1(EventFiringWebDriver.java:105)at com.sun.proxy.$Proxy7.getScreenshotAs(Unknown Source)at org.openqa.selenium.support.events.EventFiringWebDriver.getScreenshotAs(EventFiringWebDriver.java:286)at com.redhu.Util.TestUtil.takeScreenshotAtEndOfTest(TestUtil.java:25)at com.redhu.Util.WebEventListener.onException(WebEventListener.java:62)at sun.reflect.GeneratedMethodAccessor1.invoke(Unknown Source)at sun.reflect.DelegatingMethodAccessorImpl.invoke(Unknown Source)at java.lang.reflect.Method.invoke(Unknown Source)at org.openqa.selenium.support.events.EventFiringWebDriver.lambda$new$0(EventFiringWebDriver.java:82)at com.sun.proxy.$Proxy6.onException(Unknown Source)at org.openqa.selenium.support.events.EventFiringWebDriver.lambda$new$1(EventFiringWebDriver.java:105)at com.sun.proxy.$Proxy7.getScreenshotAs(Unknown Source)at org.openqa.selenium.support.events.EventFiringWebDriver.getScreenshotAs(EventFiringWebDriver.java:286)at com.redhu.Util.TestUtil.takeScreenshotAtEndOfTest(TestUtil.java:25)at com.redhu.Util.WebEventListener.onException(WebEventListener.java:62)at sun.reflect.GeneratedMethodAccessor1.invoke(Unknown Source)at sun.reflect.DelegatingMethodAccessorImpl.invoke(Unknown Source)at java.lang.reflect.Method.invoke(Unknown Source)at org.openqa.selenium.support.events.EventFiringWebDriver.lambda$new$0(EventFiringWebDriver.java:82)at com.sun.proxy.$Proxy6.onException(Unknown Source)at org.openqa.selenium.support.events.EventFiringWebDriver.lambda$new$1(EventFiringWebDriver.java:105)at com.sun.proxy.$Proxy7.getScreenshotAs(Unknown Source)at org.openqa.selenium.support.events.EventFiringWebDriver.getScreenshotAs(EventFiringWebDriver.java:286)at com.redhu.Util.TestUtil.takeScreenshotAtEndOfTest(TestUtil.java:25)at com.redhu.Util.WebEventListener.onException(WebEventListener.java:62)at sun.reflect.GeneratedMethodAccessor1.invoke(Unknown Source)at sun.reflect.DelegatingMethodAccessorImpl.invoke(Unknown Source)at java.lang.reflect.Method.invoke(Unknown Source)at org.openqa.selenium.support.events.EventFiringWebDriver.lambda$new$0(EventFiringWebDriver.java:82)at com.sun.proxy.$Proxy6.onException(Unknown Source)at org.openqa.selenium.support.events.EventFiringWebDriver.lambda$new$1(EventFiringWebDriver.java:105)at com.sun.proxy.$Proxy7.getScreenshotAs(Unknown Source)at org.openqa.selenium.support.events.EventFiringWebDriver.getScreenshotAs(EventFiringWebDriver.java:286)at com.redhu.Util.TestUtil.takeScreenshotAtEndOfTest(TestUtil.java:25)at com.redhu.Util.WebEventListener.onException(WebEventListener.java:62)at sun.reflect.GeneratedMethodAccessor1.invoke(Unknown Source)at sun.reflect.DelegatingMethodAccessorImpl.invoke(Unknown Source)at java.lang.reflect.Method.invoke(Unknown Source)at org.openqa.selenium.support.events.EventFiringWebDriver.lambda$new$0(EventFiringWebDriver.java:82)at com.sun.proxy.$Proxy6.onException(Unknown Source)at org.openqa.selenium.support.events.EventFiringWebDriver.lambda$new$1(EventFiringWebDriver.java:105)at com.sun.proxy.$Proxy7.getScreenshotAs(Unknown Source)at org.openqa.selenium.support.events.EventFiringWebDriver.getScreenshotAs(EventFiringWebDriver.java:286)at com.redhu.Util.TestUtil.takeScreenshotAtEndOfTest(TestUtil.java:25)at com.redhu.Util.WebEventListener.onException(WebEventListener.java:62)at sun.reflect.GeneratedMethodAccessor1.invoke(Unknown Source)at sun.reflect.DelegatingMethodAccessorImpl.invoke(Unknown Source)at java.lang.reflect.Method.invoke(Unknown Source)at org.openqa.selenium.support.events.EventFiringWebDriver.lambda$new$0(EventFiringWebDriver.java:82)at com.sun.proxy.$Proxy6.onException(Unknown Source)at org.openqa.selenium.support.events.EventFiringWebDriver.lambda$new$1(EventFiringWebDriver.java:105)at com.sun.proxy.$Proxy7.getScreenshotAs(Unknown Source)at org.openqa.selenium.support.events.EventFiringWebDriver.getScreenshotAs(EventFiringWebDriver.java:286)at com.redhu.Util.TestUtil.takeScreenshotAtEndOfTest(TestUtil.java:25)at com.redhu.Util.WebEventListener.onException(WebEventListener.java:62)at sun.reflect.GeneratedMethodAccessor1.invoke(Unknown Source)at sun.reflect.DelegatingMethodAccessorImpl.invoke(Unknown Source)at java.lang.reflect.Method.invoke(Unknown Source)at org.openqa.selenium.support.events.EventFiringWebDriver.lambda$new$0(EventFiringWebDriver.java:82)at com.sun.proxy.$Proxy6.onException(Unknown Source)at org.openqa.selenium.support.events.EventFiringWebDriver.lambda$new$1(EventFiringWebDriver.java:105)at com.sun.proxy.$Proxy7.getScreenshotAs(Unknown Source)at org.openqa.selenium.support.events.EventFiringWebDriver.getScreenshotAs(EventFiringWebDriver.java:286)at com.redhu.Util.TestUtil.takeScreenshotAtEndOfTest(TestUtil.java:25)at com.redhu.Util.WebEventListener.onException(WebEventListener.java:62)at sun.reflect.GeneratedMethodAccessor1.invoke(Unknown Source)at sun.reflect.DelegatingMethodAccessorImpl.invoke(Unknown Source)at java.lang.reflect.Method.invoke(Unknown Source)at org.openqa.selenium.support.events.EventFiringWebDriver.lambda$new$0(EventFiringWebDriver.java:82)at com.sun.proxy.$Proxy6.onException(Unknown Source)at org.openqa.selenium.support.events.EventFiringWebDriver.lambda$new$1(EventFiringWebDriver.java:105)at com.sun.proxy.$Proxy7.getScreenshotAs(Unknown Source)at org.openqa.selenium.support.events.EventFiringWebDriver.getScreenshotAs(EventFiringWebDriver.java:286)at com.redhu.Util.TestUtil.takeScreenshotAtEndOfTest(TestUtil.java:25)at com.redhu.Util.WebEventListener.onException(WebEventListener.java:62)at sun.reflect.GeneratedMethodAccessor1.invoke(Unknown Source)at sun.reflect.DelegatingMethodAccessorImpl.invoke(Unknown Source)at java.lang.reflect.Method.invoke(Unknown Source)at org.openqa.selenium.support.events.EventFiringWebDriver.lambda$new$0(EventFiringWebDriver.java:82)at com.sun.proxy.$Proxy6.onException(Unknown Source)at org.openqa.selenium.support.events.EventFiringWebDriver.lambda$new$1(EventFiringWebDriver.java:105)at com.sun.proxy.$Proxy7.getScreenshotAs(Unknown Source)at org.openqa.selenium.support.events.EventFiringWebDriver.getScreenshotAs(EventFiringWebDriver.java:286)at com.redhu.Util.TestUtil.takeScreenshotAtEndOfTest(TestUtil.java:25)at com.redhu.Util.WebEventListener.onException(WebEventListener.java:62)at sun.reflect.GeneratedMethodAccessor1.invoke(Unknown Source)at sun.reflect.DelegatingMethodAccessorImpl.invoke(Unknown Source)at java.lang.reflect.Method.invoke(Unknown Source)at org.openqa.selenium.support.events.EventFiringWebDriver.lambda$new$0(EventFiringWebDriver.java:82)at com.sun.proxy.$Proxy6.onException(Unknown Source)at org.openqa.selenium.support.events.EventFiringWebDriver.lambda$new$1(EventFiringWebDriver.java:105)at com.sun.proxy.$Proxy7.getScreenshotAs(Unknown Source)at org.openqa.selenium.support.events.EventFiringWebDriver.getScreenshotAs(EventFiringWebDriver.java:286)at com.redhu.Util.TestUtil.takeScreenshotAtEndOfTest(TestUtil.java:25)at com.redhu.Util.WebEventListener.onException(WebEventListener.java:62)at sun.reflect.GeneratedMethodAccessor1.invoke(Unknown Source)at sun.reflect.DelegatingMethodAccessorImpl.invoke(Unknown Source)at java.lang.reflect.Method.invoke(Unknown Source)at org.openqa.selenium.support.events.EventFiringWebDriver.lambda$new$0(EventFiringWebDriver.java:82)at com.sun.proxy.$Proxy6.onException(Unknown Source)at org.openqa.selenium.support.events.EventFiringWebDriver.lambda$new$1(EventFiringWebDriver.java:105)at com.sun.proxy.$Proxy7.getScreenshotAs(Unknown Source)at org.openqa.selenium.support.events.EventFiringWebDriver.getScreenshotAs(EventFiringWebDriver.java:286)at com.redhu.Util.TestUtil.takeScreenshotAtEndOfTest(TestUtil.java:25)at com.redhu.Util.WebEventListener.onException(WebEventListener.java:62)at sun.reflect.GeneratedMethodAccessor1.invoke(Unknown Source)at sun.reflect.DelegatingMethodAccessorImpl.invoke(Unknown Source)at java.lang.reflect.Method.invoke(Unknown Source)at org.openqa.selenium.support.events.EventFiringWebDriver.lambda$new$0(EventFiringWebDriver.java:82)at com.sun.proxy.$Proxy6.onException(Unknown Source)at org.openqa.selenium.support.events.EventFiringWebDriver.lambda$new$1(EventFiringWebDriver.java:105)at com.sun.proxy.$Proxy7.getScreenshotAs(Unknown Source)at org.openqa.selenium.support.events.EventFiringWebDriver.getScreenshotAs(EventFiringWebDriver.java:286)at com.redhu.Util.TestUtil.takeScreenshotAtEndOfTest(TestUtil.java:25)at com.redhu.Util.WebEventListener.onException(WebEventListener.java:62)at sun.reflect.GeneratedMethodAccessor1.invoke(Unknown Source)at sun.reflect.DelegatingMethodAccessorImpl.invoke(Unknown Source)at java.lang.reflect.Method.invoke(Unknown Source)at org.openqa.selenium.support.events.EventFiringWebDriver.lambda$new$0(EventFiringWebDriver.java:82)at com.sun.proxy.$Proxy6.onException(Unknown Source)at org.openqa.selenium.support.events.EventFiringWebDriver.lambda$new$1(EventFiringWebDriver.java:105)at com.sun.proxy.$Proxy7.getScreenshotAs(Unknown Source)at org.openqa.selenium.support.events.EventFiringWebDriver.getScreenshotAs(EventFiringWebDriver.java:286)at com.redhu.Util.TestUtil.takeScreenshotAtEndOfTest(TestUtil.java:25)at com.redhu.Util.WebEventListener.onException(WebEventListener.java:62)at sun.reflect.GeneratedMethodAccessor1.invoke(Unknown Source)at sun.reflect.DelegatingMethodAccessorImpl.invoke(Unknown Source)at java.lang.reflect.Method.invoke(Unknown Source)at org.openqa.selenium.support.events.EventFiringWebDriver.lambda$new$0(EventFiringWebDriver.java:82)at com.sun.proxy.$Proxy6.onException(Unknown Source)at org.openqa.selenium.support.events.EventFiringWebDriver.lambda$new$1(EventFiringWebDriver.java:105)at com.sun.proxy.$Proxy7.getScreenshotAs(Unknown Source)at org.openqa.selenium.support.events.EventFiringWebDriver.getScreenshotAs(EventFiringWebDriver.java:286)at com.redhu.Util.TestUtil.takeScreenshotAtEndOfTest(TestUtil.java:25)at com.redhu.Util.WebEventListener.onException(WebEventListener.java:62)at sun.reflect.GeneratedMethodAccessor1.invoke(Unknown Source)at sun.reflect.DelegatingMethodAccessorImpl.invoke(Unknown Source)at java.lang.reflect.Method.invoke(Unknown Source)at org.openqa.selenium.support.events.EventFiringWebDriver.lambda$new$0(EventFiringWebDriver.java:82)at com.sun.proxy.$Proxy6.onException(Unknown Source)at org.openqa.selenium.support.events.EventFiringWebDriver.lambda$new$1(EventFiringWebDriver.java:105)at com.sun.proxy.$Proxy7.getScreenshotAs(Unknown Source)at org.openqa.selenium.support.events.EventFiringWebDriver.getScreenshotAs(EventFiringWebDriver.java:286)at com.redhu.Util.TestUtil.takeScreenshotAtEndOfTest(TestUtil.java:25)at com.redhu.Util.WebEventListener.onException(WebEventListener.java:62)at sun.reflect.GeneratedMethodAccessor1.invoke(Unknown Source)at sun.reflect.DelegatingMethodAccessorImpl.invoke(Unknown Source)at java.lang.reflect.Method.invoke(Unknown Source)at org.openqa.selenium.support.events.EventFiringWebDriver.lambda$new$0(EventFiringWebDriver.java:82)at com.sun.proxy.$Proxy6.onException(Unknown Source)at org.openqa.selenium.support.events.EventFiringWebDriver.lambda$new$1(EventFiringWebDriver.java:105)at com.sun.proxy.$Proxy7.getScreenshotAs(Unknown Source)at org.openqa.selenium.support.events.EventFiringWebDriver.getScreenshotAs(EventFiringWebDriver.java:286)at com.redhu.Util.TestUtil.takeScreenshotAtEndOfTest(TestUtil.java:25)at com.redhu.Util.WebEventListener.onException(WebEventListener.java:62)at sun.reflect.GeneratedMethodAccessor1.invoke(Unknown Source)at sun.reflect.DelegatingMethodAccessorImpl.invoke(Unknown Source)at java.lang.reflect.Method.invoke(Unknown Source)at org.openqa.selenium.support.events.EventFiringWebDriver.lambda$new$0(EventFiringWebDriver.java:82)at com.sun.proxy.$Proxy6.onException(Unknown Source)at org.openqa.selenium.support.events.EventFiringWebDriver.lambda$new$1(EventFiringWebDriver.java:105)at com.sun.proxy.$Proxy7.getScreenshotAs(Unknown Source)at org.openqa.selenium.support.events.EventFiringWebDriver.getScreenshotAs(EventFiringWebDriver.java:286)at com.redhu.Util.TestUtil.takeScreenshotAtEndOfTest(TestUtil.java:25)at com.redhu.Util.WebEventListener.onException(WebEventListener.java:62)at sun.reflect.GeneratedMethodAccessor1.invoke(Unknown Source)at sun.reflect.DelegatingMethodAccessorImpl.invoke(Unknown Source)at java.lang.reflect.Method.invoke(Unknown Source)at org.openqa.selenium.support.events.EventFiringWebDriver.lambda$new$0(EventFiringWebDriver.java:82)at com.sun.proxy.$Proxy6.onException(Unknown Source)at org.openqa.selenium.support.events.EventFiringWebDriver.lambda$new$1(EventFiringWebDriver.java:105)at com.sun.proxy.$Proxy7.getScreenshotAs(Unknown Source)at org.openqa.selenium.support.events.EventFiringWebDriver.getScreenshotAs(EventFiringWebDriver.java:286)at com.redhu.Util.TestUtil.takeScreenshotAtEndOfTest(TestUtil.java:25)at com.redhu.Util.WebEventListener.onException(WebEventListener.java:62)at sun.reflect.GeneratedMethodAccessor1.invoke(Unknown Source)at sun.reflect.DelegatingMethodAccessorImpl.invoke(Unknown Source)at java.lang.reflect.Method.invoke(Unknown Source)at org.openqa.selenium.support.events.EventFiringWebDriver.lambda$new$0(EventFiringWebDriver.java:82)at com.sun.proxy.$Proxy6.onException(Unknown Source)at org.openqa.selenium.support.events.EventFiringWebDriver.lambda$new$1(EventFiringWebDriver.java:105)at com.sun.proxy.$Proxy7.getScreenshotAs(Unknown Source)at org.openqa.selenium.support.events.EventFiringWebDriver.getScreenshotAs(EventFiringWebDriver.java:286)at com.redhu.Util.TestUtil.takeScreenshotAtEndOfTest(TestUtil.java:25)at com.redhu.Util.WebEventListener.onException(WebEventListener.java:62)at sun.reflect.GeneratedMethodAccessor1.invoke(Unknown Source)at sun.reflect.DelegatingMethodAccessorImpl.invoke(Unknown Source)at java.lang.reflect.Method.invoke(Unknown Source)at org.openqa.selenium.support.events.EventFiringWebDriver.lambda$new$0(EventFiringWebDriver.java:82)at com.sun.proxy.$Proxy6.onException(Unknown Source)at org.openqa.selenium.support.events.EventFiringWebDriver.lambda$new$1(EventFiringWebDriver.java:105)at com.sun.proxy.$Proxy7.getScreenshotAs(Unknown Source)at org.openqa.selenium.support.events.EventFiringWebDriver.getScreenshotAs(EventFiringWebDriver.java:286)at com.redhu.Util.TestUtil.takeScreenshotAtEndOfTest(TestUtil.java:25)at com.redhu.Util.WebEventListener.onException(WebEventListener.java:62)at sun.reflect.GeneratedMethodAccessor1.invoke(Unknown Source)at sun.reflect.DelegatingMethodAccessorImpl.invoke(Unknown Source)at java.lang.reflect.Method.invoke(Unknown Source)at org.openqa.selenium.support.events.EventFiringWebDriver.lambda$new$0(EventFiringWebDriver.java:82)at com.sun.proxy.$Proxy6.onException(Unknown Source)at org.openqa.selenium.support.events.EventFiringWebDriver.lambda$new$1(EventFiringWebDriver.java:105)at com.sun.proxy.$Proxy7.getScreenshotAs(Unknown Source)at org.openqa.selenium.support.events.EventFiringWebDriver.getScreenshotAs(EventFiringWebDriver.java:286)at com.redhu.Util.TestUtil.takeScreenshotAtEndOfTest(TestUtil.java:25)at com.redhu.Util.WebEventListener.onException(WebEventListener.java:62)at sun.reflect.GeneratedMethodAccessor1.invoke(Unknown Source)at sun.reflect.DelegatingMethodAccessorImpl.invoke(Unknown Source)at java.lang.reflect.Method.invoke(Unknown Source)at org.openqa.selenium.support.events.EventFiringWebDriver.lambda$new$0(EventFiringWebDriver.java:82)at com.sun.proxy.$Proxy6.onException(Unknown Source)at org.openqa.selenium.support.events.EventFiringWebDriver.lambda$new$1(EventFiringWebDriver.java:105)at com.sun.proxy.$Proxy7.getScreenshotAs(Unknown Source)at org.openqa.selenium.support.events.EventFiringWebDriver.getScreenshotAs(EventFiringWebDriver.java:286)at com.redhu.Util.TestUtil.takeScreenshotAtEndOfTest(TestUtil.java:25)at com.redhu.Util.WebEventListener.onException(WebEventListener.java:62)at sun.reflect.GeneratedMethodAccessor1.invoke(Unknown Source)at sun.reflect.DelegatingMethodAccessorImpl.invoke(Unknown Source)at java.lang.reflect.Method.invoke(Unknown Source)at org.openqa.selenium.support.events.EventFiringWebDriver.lambda$new$0(EventFiringWebDriver.java:82)at com.sun.proxy.$Proxy6.onException(Unknown Source)at org.openqa.selenium.support.events.EventFiringWebDriver.lambda$new$1(EventFiringWebDriver.java:105)at com.sun.proxy.$Proxy7.getScreenshotAs(Unknown Source)at org.openqa.selenium.support.events.EventFiringWebDriver.getScreenshotAs(EventFiringWebDriver.java:286)at com.redhu.Util.TestUtil.takeScreenshotAtEndOfTest(TestUtil.java:25)at com.redhu.Util.WebEventListener.onException(WebEventListener.java:62)at sun.reflect.GeneratedMethodAccessor1.invoke(Unknown Source)at sun.reflect.DelegatingMethodAccessorImpl.invoke(Unknown Source)at java.lang.reflect.Method.invoke(Unknown Source)at org.openqa.selenium.support.events.EventFiringWebDriver.lambda$new$0(EventFiringWebDriver.java:82)at com.sun.proxy.$Proxy6.onException(Unknown Source)at org.openqa.selenium.support.events.EventFiringWebDriver.lambda$new$1(EventFiringWebDriver.java:105)at com.sun.proxy.$Proxy7.getScreenshotAs(Unknown Source)at org.openqa.selenium.support.events.EventFiringWebDriver.getScreenshotAs(EventFiringWebDriver.java:286)at com.redhu.Util.TestUtil.takeScreenshotAtEndOfTest(TestUtil.java:25)at com.redhu.Util.WebEventListener.onException(WebEventListener.java:62)at sun.reflect.GeneratedMethodAccessor1.invoke(Unknown Source)at sun.reflect.DelegatingMethodAccessorImpl.invoke(Unknown Source)at java.lang.reflect.Method.invoke(Unknown Source)at org.openqa.selenium.support.events.EventFiringWebDriver.lambda$new$0(EventFiringWebDriver.java:82)at com.sun.proxy.$Proxy6.onException(Unknown Source)at org.openqa.selenium.support.events.EventFiringWebDriver.lambda$new$1(EventFiringWebDriver.java:105)at com.sun.proxy.$Proxy7.getScreenshotAs(Unknown Source)at org.openqa.selenium.support.events.EventFiringWebDriver.getScreenshotAs(EventFiringWebDriver.java:286)at com.redhu.Util.TestUtil.takeScreenshotAtEndOfTest(TestUtil.java:25)at com.redhu.Util.WebEventListener.onException(WebEventListener.java:62)at sun.reflect.GeneratedMethodAccessor1.invoke(Unknown Source)at sun.reflect.DelegatingMethodAccessorImpl.invoke(Unknown Source)at java.lang.reflect.Method.invoke(Unknown Source)at org.openqa.selenium.support.events.EventFiringWebDriver.lambda$new$0(EventFiringWebDriver.java:82)at com.sun.proxy.$Proxy6.onException(Unknown Source)at org.openqa.selenium.support.events.EventFiringWebDriver.lambda$new$1(EventFiringWebDriver.java:105)at com.sun.proxy.$Proxy7.getScreenshotAs(Unknown Source)at org.openqa.selenium.support.events.EventFiringWebDriver.getScreenshotAs(EventFiringWebDriver.java:286)at com.redhu.Util.TestUtil.takeScreenshotAtEndOfTest(TestUtil.java:25)at com.redhu.Util.WebEventListener.onException(WebEventListener.java:62)at sun.reflect.GeneratedMethodAccessor1.invoke(Unknown Source)at sun.reflect.DelegatingMethodAccessorImpl.invoke(Unknown Source)at java.lang.reflect.Method.invoke(Unknown Source)at org.openqa.selenium.support.events.EventFiringWebDriver.lambda$new$0(EventFiringWebDriver.java:82)at com.sun.proxy.$Proxy6.onException(Unknown Source)at org.openqa.selenium.support.events.EventFiringWebDriver.lambda$new$1(EventFiringWebDriver.java:105)at com.sun.proxy.$Proxy7.getScreenshotAs(Unknown Source)at org.openqa.selenium.support.events.EventFiringWebDriver.getScreenshotAs(EventFiringWebDriver.java:286)at com.redhu.Util.TestUtil.takeScreenshotAtEndOfTest(TestUtil.java:25)at com.redhu.Util.WebEventListener.onException(WebEventListener.java:62)at sun.reflect.GeneratedMethodAccessor1.invoke(Unknown Source)at sun.reflect.DelegatingMethodAccessorImpl.invoke(Unknown Source)at java.lang.reflect.Method.invoke(Unknown Source)at org.openqa.selenium.support.events.EventFiringWebDriver.lambda$new$0(EventFiringWebDriver.java:82)at com.sun.proxy.$Proxy6.onException(Unknown Source)at org.openqa.selenium.support.events.EventFiringWebDriver.lambda$new$1(EventFiringWebDriver.java:105)at com.sun.proxy.$Proxy7.getScreenshotAs(Unknown Source)at org.openqa.selenium.support.events.EventFiringWebDriver.getScreenshotAs(EventFiringWebDriver.java:286)at com.redhu.Util.TestUtil.takeScreenshotAtEndOfTest(TestUtil.java:25)at com.redhu.Util.WebEventListener.onException(WebEventListener.java:62)at sun.reflect.GeneratedMethodAccessor1.invoke(Unknown Source)at sun.reflect.DelegatingMethodAccessorImpl.invoke(Unknown Source)at java.lang.reflect.Method.invoke(Unknown Source)at org.openqa.selenium.support.events.EventFiringWebDriver.lambda$new$0(EventFiringWebDriver.java:82)at com.sun.proxy.$Proxy6.onException(Unknown Source)at org.openqa.selenium.support.events.EventFiringWebDriver.lambda$new$1(EventFiringWebDriver.java:105)at com.sun.proxy.$Proxy7.getScreenshotAs(Unknown Source)at org.openqa.selenium.support.events.EventFiringWebDriver.getScreenshotAs(EventFiringWebDriver.java:286)at com.redhu.Util.TestUtil.takeScreenshotAtEndOfTest(TestUtil.java:25)at com.redhu.Util.WebEventListener.onException(WebEventListener.java:62)at sun.reflect.GeneratedMethodAccessor1.invoke(Unknown Source)at sun.reflect.DelegatingMethodAccessorImpl.invoke(Unknown Source)at java.lang.reflect.Method.invoke(Unknown Source)at org.openqa.selenium.support.events.EventFiringWebDriver.lambda$new$0(EventFiringWebDriver.java:82)at com.sun.proxy.$Proxy6.onException(Unknown Source)at org.openqa.selenium.support.events.EventFiringWebDriver.lambda$new$1(EventFiringWebDriver.java:105)at com.sun.proxy.$Proxy7.getScreenshotAs(Unknown Source)at org.openqa.selenium.support.events.EventFiringWebDriver.getScreenshotAs(EventFiringWebDriver.java:286)at com.redhu.Util.TestUtil.takeScreenshotAtEndOfTest(TestUtil.java:25)at com.redhu.Util.WebEventListener.onException(WebEventListener.java:62)at sun.reflect.GeneratedMethodAccessor1.invoke(Unknown Source)at sun.reflect.DelegatingMethodAccessorImpl.invoke(Unknown Source)at java.lang.reflect.Method.invoke(Unknown Source)at org.openqa.selenium.support.events.EventFiringWebDriver.lambda$new$0(EventFiringWebDriver.java:82)at com.sun.proxy.$Proxy6.onException(Unknown Source)at org.openqa.selenium.support.events.EventFiringWebDriver.lambda$new$1(EventFiringWebDriver.java:105)at com.sun.proxy.$Proxy7.getScreenshotAs(Unknown Source)at org.openqa.selenium.support.events.EventFiringWebDriver.getScreenshotAs(EventFiringWebDriver.java:286)at com.redhu.Util.TestUtil.takeScreenshotAtEndOfTest(TestUtil.java:25)at com.redhu.Util.WebEventListener.onException(WebEventListener.java:62)at sun.reflect.GeneratedMethodAccessor1.invoke(Unknown Source)at sun.reflect.DelegatingMethodAccessorImpl.invoke(Unknown Source)at java.lang.reflect.Method.invoke(Unknown Source)at org.openqa.selenium.support.events.EventFiringWebDriver.lambda$new$0(EventFiringWebDriver.java:82)at com.sun.proxy.$Proxy6.onException(Unknown Source)at org.openqa.selenium.support.events.EventFiringWebDriver.lambda$new$1(EventFiringWebDriver.java:105)at com.sun.proxy.$Proxy7.getScreenshotAs(Unknown Source)at org.openqa.selenium.support.events.EventFiringWebDriver.getScreenshotAs(EventFiringWebDriver.java:286)at com.redhu.Util.TestUtil.takeScreenshotAtEndOfTest(TestUtil.java:25)at com.redhu.Util.WebEventListener.onException(WebEventListener.java:62)at sun.reflect.GeneratedMethodAccessor1.invoke(Unknown Source)at sun.reflect.DelegatingMethodAccessorImpl.invoke(Unknown Source)at java.lang.reflect.Method.invoke(Unknown Source)at org.openqa.selenium.support.events.EventFiringWebDriver.lambda$new$0(EventFiringWebDriver.java:82)at com.sun.proxy.$Proxy6.onException(Unknown Source)at org.openqa.selenium.support.events.EventFiringWebDriver.lambda$new$1(EventFiringWebDriver.java:105)at com.sun.proxy.$Proxy7.getScreenshotAs(Unknown Source)at org.openqa.selenium.support.events.EventFiringWebDriver.getScreenshotAs(EventFiringWebDriver.java:286)at com.redhu.Util.TestUtil.takeScreenshotAtEndOfTest(TestUtil.java:25)at com.redhu.Util.WebEventListener.onException(WebEventListener.java:62)at sun.reflect.GeneratedMethodAccessor1.invoke(Unknown Source)at sun.reflect.DelegatingMethodAccessorImpl.invoke(Unknown Source)at java.lang.reflect.Method.invoke(Unknown Source)at org.openqa.selenium.support.events.EventFiringWebDriver.lambda$new$0(EventFiringWebDriver.java:82)at com.sun.proxy.$Proxy6.onException(Unknown Source)at org.openqa.selenium.support.events.EventFiringWebDriver.lambda$new$1(EventFiringWebDriver.java:105)at com.sun.proxy.$Proxy7.getScreenshotAs(Unknown Source)at org.openqa.selenium.support.events.EventFiringWebDriver.getScreenshotAs(EventFiringWebDriver.java:286)at com.redhu.Util.TestUtil.takeScreenshotAtEndOfTest(TestUtil.java:25)at com.redhu.Util.WebEventListener.onException(WebEventListener.java:62)at sun.reflect.GeneratedMethodAccessor1.invoke(Unknown Source)at sun.reflect.DelegatingMethodAccessorImpl.invoke(Unknown Source)at java.lang.reflect.Method.invoke(Unknown Source)at org.openqa.selenium.support.events.EventFiringWebDriver.lambda$new$0(EventFiringWebDriver.java:82)at com.sun.proxy.$Proxy6.onException(Unknown Source)at org.openqa.selenium.support.events.EventFiringWebDriver.lambda$new$1(EventFiringWebDriver.java:105)at com.sun.proxy.$Proxy7.getScreenshotAs(Unknown Source)at org.openqa.selenium.support.events.EventFiringWebDriver.getScreenshotAs(EventFiringWebDriver.java:286)at com.redhu.Util.TestUtil.takeScreenshotAtEndOfTest(TestUtil.java:25)at com.redhu.Util.WebEventListener.onException(WebEventListener.java:62)at sun.reflect.GeneratedMethodAccessor1.invoke(Unknown Source)at sun.reflect.DelegatingMethodAccessorImpl.invoke(Unknown Source)at java.lang.reflect.Method.invoke(Unknown Source)at org.openqa.selenium.support.events.EventFiringWebDriver.lambda$new$0(EventFiringWebDriver.java:82)at com.sun.proxy.$Proxy6.onException(Unknown Source)at org.openqa.selenium.support.events.EventFiringWebDriver.lambda$new$1(EventFiringWebDriver.java:105)at com.sun.proxy.$Proxy7.getScreenshotAs(Unknown Source)at org.openqa.selenium.support.events.EventFiringWebDriver.getScreenshotAs(EventFiringWebDriver.java:286)at com.redhu.Util.TestUtil.takeScreenshotAtEndOfTest(TestUtil.java:25)at com.redhu.Util.WebEventListener.onException(WebEventListener.java:62)at sun.reflect.GeneratedMethodAccessor1.invoke(Unknown Source)at sun.reflect.DelegatingMethodAccessorImpl.invoke(Unknown Source)at java.lang.reflect.Method.invoke(Unknown Source)at org.openqa.selenium.support.events.EventFiringWebDriver.lambda$new$0(EventFiringWebDriver.java:82)at com.sun.proxy.$Proxy6.onException(Unknown Source)at org.openqa.selenium.support.events.EventFiringWebDriver.lambda$new$1(EventFiringWebDriver.java:105)at com.sun.proxy.$Proxy7.getScreenshotAs(Unknown Source)at org.openqa.selenium.support.events.EventFiringWebDriver.getScreenshotAs(EventFiringWebDriver.java:286)at com.redhu.Util.TestUtil.takeScreenshotAtEndOfTest(TestUtil.java:25)at com.redhu.Util.WebEventListener.onException(WebEventListener.java:62)at sun.reflect.GeneratedMethodAccessor1.invoke(Unknown Source)at sun.reflect.DelegatingMethodAccessorImpl.invoke(Unknown Source)at java.lang.reflect.Method.invoke(Unknown Source)at org.openqa.selenium.support.events.EventFiringWebDriver.lambda$new$0(EventFiringWebDriver.java:82)at com.sun.proxy.$Proxy6.onException(Unknown Source)at org.openqa.selenium.support.events.EventFiringWebDriver.lambda$new$1(EventFiringWebDriver.java:105)at com.sun.proxy.$Proxy7.getScreenshotAs(Unknown Source)at org.openqa.selenium.support.events.EventFiringWebDriver.getScreenshotAs(EventFiringWebDriver.java:286)at com.redhu.Util.TestUtil.takeScreenshotAtEndOfTest(TestUtil.java:25)at com.redhu.Util.WebEventListener.onException(WebEventListener.java:62)at sun.reflect.GeneratedMethodAccessor1.invoke(Unknown Source)at sun.reflect.DelegatingMethodAccessorImpl.invoke(Unknown Source)at java.lang.reflect.Method.invoke(Unknown Source)at org.openqa.selenium.support.events.EventFiringWebDriver.lambda$new$0(EventFiringWebDriver.java:82)at com.sun.proxy.$Proxy6.onException(Unknown Source)at org.openqa.selenium.support.events.EventFiringWebDriver.lambda$new$1(EventFiringWebDriver.java:105)at com.sun.proxy.$Proxy7.getScreenshotAs(Unknown Source)at org.openqa.selenium.support.events.EventFiringWebDriver.getScreenshotAs(EventFiringWebDriver.java:286)at com.redhu.Util.TestUtil.takeScreenshotAtEndOfTest(TestUtil.java:25)at com.redhu.Util.WebEventListener.onException(WebEventListener.java:62)at sun.reflect.GeneratedMethodAccessor1.invoke(Unknown Source)at sun.reflect.DelegatingMethodAccessorImpl.invoke(Unknown Source)at java.lang.reflect.Method.invoke(Unknown Source)at org.openqa.selenium.support.events.EventFiringWebDriver.lambda$new$0(EventFiringWebDriver.java:82)at com.sun.proxy.$Proxy6.onException(Unknown Source)at org.openqa.selenium.support.events.EventFiringWebDriver.lambda$new$1(EventFiringWebDriver.java:105)at com.sun.proxy.$Proxy7.getScreenshotAs(Unknown Source)at org.openqa.selenium.support.events.EventFiringWebDriver.getScreenshotAs(EventFiringWebDriver.java:286)at com.redhu.Util.TestUtil.takeScreenshotAtEndOfTest(TestUtil.java:25)at com.redhu.Util.WebEventListener.onException(WebEventListener.java:62)at sun.reflect.GeneratedMethodAccessor1.invoke(Unknown Source)at sun.reflect.DelegatingMethodAccessorImpl.invoke(Unknown Source)at java.lang.reflect.Method.invoke(Unknown Source)at org.openqa.selenium.support.events.EventFiringWebDriver.lambda$new$0(EventFiringWebDriver.java:82)at com.sun.proxy.$Proxy6.onException(Unknown Source)]]>
            </full-stacktrace>
          </exception> <!-- java.lang.StackOverflowError -->
          <reporter-output>
          </reporter-output>
        </test-method> <!-- verifyUserRerutnToLoginScreen -->
        <test-method status="PASS" signature="tearDown()[pri:0, instance:com.HrOnBoarding.QA.TestCases.ForgotPasswordScreenTest@15d943d]" name="tearDown" is-config="true" duration-ms="566" started-at="2018-06-28T17:32:50Z" finished-at="2018-06-28T17:32:51Z">
          <reporter-output>
          </reporter-output>
        </test-method> <!-- tearDown -->
      </class> <!-- com.HrOnBoarding.QA.TestCases.ForgotPasswordScreenTest -->
    </test> <!-- Default test -->
  </suite> <!-- Default suite -->
</testng-results>
